<?xml version="1.0" encoding="utf-8" standalone="no"?>
<!--This file represents the results of running a test suite-->
<test-results name="C:\Users\manojs\Documents\Visual Studio 2013\Projects\msbuild_ci_example\tests\bin\Debug\msbuild_ci_example.tests.dll" total="1" errors="0" failures="0" not-run="0" inconclusive="0" ignored="0" skipped="0" invalid="0" date="2014-02-11" time="00:42:07">
  <environment nunit-version="2.6.3.13283" clr-version="2.0.50727.7905" os-version="Microsoft Windows NT 6.2.9200.0" platform="Win32NT" cwd="C:\Users\manojs\Documents\Visual Studio 2013\Projects\msbuild_ci_example\tests" machine-name="ARAGORN" user="manojs" user-domain="ARAGORN" />
  <culture-info current-culture="en-US" current-uiculture="en-US" />
  <test-suite type="Assembly" name="C:\Users\manojs\Documents\Visual Studio 2013\Projects\msbuild_ci_example\tests\bin\Debug\msbuild_ci_example.tests.dll" executed="True" result="Success" success="True" time="0.080" asserts="0">
    <results>
      <test-suite type="Namespace" name="msbuild_ci_example" executed="True" result="Success" success="True" time="0.057" asserts="0">
        <results>
          <test-suite type="Namespace" name="tests" executed="True" result="Success" success="True" time="0.056" asserts="0">
            <results>
              <test-suite type="TestFixture" name="ProgramTests" executed="True" result="Success" success="True" time="0.049" asserts="0">
                <results>
                  <test-case name="msbuild_ci_example.tests.ProgramTests.ShouldBeADummyTest" executed="True" result="Success" success="True" time="0.027" asserts="1" />
                </results>
              </test-suite>
            </results>
          </test-suite>
        </results>
      </test-suite>
    </results>
  </test-suite>
</test-results>